<?xml version="1.0" encoding="UTF-8"?>
<testng-results skipped="0" failed="0" total="1" passed="1">
  <reporter-output>
  </reporter-output>
  <suite name="Suite" duration-ms="198559" started-at="2017-06-07T13:17:13Z" finished-at="2017-06-07T13:20:32Z">
    <groups>
    </groups>
    <test name="Test" duration-ms="198559" started-at="2017-06-07T13:17:13Z" finished-at="2017-06-07T13:20:32Z">
      <class name="Cases.sendStatusEmail">
        <test-method status="PASS" signature="start(java.lang.String)[pri:0, instance:Cases.sendStatusEmail@2133c8f8]" name="start" is-config="true" duration-ms="76846" started-at="2017-06-07T18:47:13Z" finished-at="2017-06-07T18:48:30Z">
          <params>
            <param index="0">
              <value>
                <![CDATA[chrome]]>
              </value>
            </param>
          </params>
          <reporter-output>
          </reporter-output>
        </test-method> <!-- start -->
        <test-method status="PASS" signature="sendemail()[pri:0, instance:Cases.sendStatusEmail@2133c8f8]" name="sendemail" duration-ms="118438" started-at="2017-06-07T18:48:31Z" finished-at="2017-06-07T18:50:29Z">
          <reporter-output>
          </reporter-output>
        </test-method> <!-- sendemail -->
        <test-method status="PASS" signature="end()[pri:0, instance:Cases.sendStatusEmail@2133c8f8]" name="end" is-config="true" duration-ms="1521" started-at="2017-06-07T18:50:30Z" finished-at="2017-06-07T18:50:32Z">
          <reporter-output>
          </reporter-output>
        </test-method> <!-- end -->
      </class> <!-- Cases.sendStatusEmail -->
    </test> <!-- Test -->
  </suite> <!-- Suite -->
</testng-results>
